<?xml version="1.0" encoding="UTF-8"?>
<!-- Generated by org.testng.reporters.JUnitXMLReporter -->
<testsuite ignored="0" hostname="TSQA-L046" failures="0" tests="3" name="Default test" time="15.546" errors="0" timestamp="2025-02-17T14:04:34 IST">
  <testcase classname="trident.RedBusAutomation.RedBusTestNG" name="HomePage" time="6.932"/>
  <testcase classname="trident.RedBusAutomation.RedBusTestNG" name="SelectBus" time="8.564"/>
  <testcase classname="trident.RedBusAutomation.RedBusTestNG" name="f" time="0.001"/>
</testsuite> <!-- Default test -->
