<?xml version="1.0" encoding="UTF-8"?>
<testng-results ignored="0" total="3" passed="3" failed="0" skipped="0">
  <reporter-output>
  </reporter-output>
  <suite started-at="2025-02-17T14:04:18 IST" name="Default suite" finished-at="2025-02-17T14:04:34 IST" duration-ms="15546">
    <groups>
    </groups>
    <test started-at="2025-02-17T14:04:18 IST" name="Default test" finished-at="2025-02-17T14:04:34 IST" duration-ms="15546">
      <class name="trident.RedBusAutomation.RedBusTestNG">
        <test-method is-config="true" signature="beforeSuite()[pri:0, instance:trident.RedBusAutomation.RedBusTestNG@59309333]" started-at="2025-02-17T14:04:12 IST" name="beforeSuite" finished-at="2025-02-17T14:04:18 IST" duration-ms="5949" status="PASS">
          <reporter-output>
          </reporter-output>
        </test-method> <!-- beforeSuite -->
        <test-method signature="HomePage()[pri:0, instance:trident.RedBusAutomation.RedBusTestNG@59309333]" started-at="2025-02-17T14:04:18 IST" name="HomePage" finished-at="2025-02-17T14:04:25 IST" duration-ms="6932" status="PASS">
          <reporter-output>
          </reporter-output>
        </test-method> <!-- HomePage -->
        <test-method signature="SelectBus()[pri:0, instance:trident.RedBusAutomation.RedBusTestNG@59309333]" started-at="2025-02-17T14:04:25 IST" name="SelectBus" finished-at="2025-02-17T14:04:34 IST" duration-ms="8564" status="PASS">
          <reporter-output>
          </reporter-output>
        </test-method> <!-- SelectBus -->
        <test-method signature="f()[pri:0, instance:trident.RedBusAutomation.RedBusTestNG@59309333]" started-at="2025-02-17T14:04:34 IST" name="f" finished-at="2025-02-17T14:04:34 IST" duration-ms="1" status="PASS">
          <reporter-output>
          </reporter-output>
        </test-method> <!-- f -->
        <test-method is-config="true" signature="afterSuite()[pri:0, instance:trident.RedBusAutomation.RedBusTestNG@59309333]" started-at="2025-02-17T14:04:34 IST" name="afterSuite" finished-at="2025-02-17T14:04:41 IST" duration-ms="7421" status="PASS">
          <reporter-output>
          </reporter-output>
        </test-method> <!-- afterSuite -->
      </class> <!-- trident.RedBusAutomation.RedBusTestNG -->
    </test> <!-- Default test -->
  </suite> <!-- Default suite -->
</testng-results>
